 Zr
 Dipole Dipole_YSZ-ZXB.pot
 96
 1.000000e+00
 1.029941798000000e+01 0.000000000000000e+00 0.000000000000000e+00
 0.000000000000000e+00 1.029941798000000e+01 0.000000000000000e+00
 0.000000000000000e+00 0.000000000000000e+00 1.029941798000000e+01
 fra
 0.000000000000000e+00 0.000000000000000e+00 0.000000000000000e+00 Zr
 2.049436195422763e-02 2.551386889145362e-01 2.504957081079644e-01 Zr
 2.407126310257776e-01 4.538120512320444e-03 2.486140483833437e-01 Zr
 2.531880932557317e-01 2.498014941228747e-01 4.998360111218635e-01 Zr
 1.278004254760811e-01 1.238060250080267e-01 1.224360446822064e-01 O
 1.305928162748474e-01 1.303559096841315e-01 3.738415129356659e-01 O
 1.289111678522246e-01 3.791554054397159e-01 1.237594204328039e-01 O
 1.237798099344639e-01 3.748473950175581e-01 3.768708103251481e-01 O
 3.711316510721900e-01 1.144152031006319e-01 1.144113193860300e-01 O
 3.756173414373848e-01 1.233992059034777e-01 3.749202146663437e-01 O
 3.787893653384869e-01 3.784951739573929e-01 1.195086948010241e-01 O
 3.723152130971191e-01 3.776475532455281e-01 3.760484337581957e-01 O
 5.000000000000000e-01 0.000000000000000e+00 0.000000000000000e+00 Zr
 5.204943619542276e-01 2.551386889145362e-01 2.504957081079644e-01 Zr
 7.407126310257777e-01 4.538120512320444e-03 2.486140483833437e-01 Zr
 7.531880932557317e-01 2.498014941228747e-01 4.998360111218635e-01 Zr
 6.278004254760812e-01 1.238060250080267e-01 1.224360446822064e-01 O
 6.305928162748474e-01 1.303559096841315e-01 3.738415129356659e-01 O
 6.289111678522246e-01 3.791554054397159e-01 1.237594204328039e-01 O
 6.237798099344639e-01 3.748473950175581e-01 3.768708103251481e-01 O
 8.711316510721900e-01 1.144152031006319e-01 1.144113193860300e-01 O
 8.756173414373848e-01 1.233992059034777e-01 3.749202146663437e-01 O
 8.787893653384868e-01 3.784951739573929e-01 1.195086948010241e-01 O
 8.723152130971191e-01 3.776475532455281e-01 3.760484337581957e-01 O
 0.000000000000000e+00 5.000000000000000e-01 0.000000000000000e+00 Zr
 2.049436195422763e-02 7.551386889145362e-01 2.504957081079644e-01 Zr
 2.407126310257776e-01 5.045381205123204e-01 2.486140483833437e-01 Zr
 2.531880932557317e-01 7.498014941228747e-01 4.998360111218635e-01 Zr
 1.278004254760811e-01 6.238060250080267e-01 1.224360446822064e-01 O
 1.305928162748474e-01 6.303559096841315e-01 3.738415129356659e-01 O
 1.289111678522246e-01 8.791554054397159e-01 1.237594204328039e-01 O
 1.237798099344639e-01 8.748473950175580e-01 3.768708103251481e-01 O
 3.711316510721900e-01 6.144152031006319e-01 1.144113193860300e-01 O
 3.756173414373848e-01 6.233992059034776e-01 3.749202146663437e-01 O
 3.787893653384869e-01 8.784951739573928e-01 1.195086948010241e-01 O
 3.723152130971191e-01 8.776475532455281e-01 3.760484337581957e-01 O
 5.000000000000000e-01 5.000000000000000e-01 0.000000000000000e+00 Zr
 5.204943619542276e-01 7.551386889145362e-01 2.504957081079644e-01 Zr
 7.407126310257777e-01 5.045381205123204e-01 2.486140483833437e-01 Zr
 7.531880932557317e-01 7.498014941228747e-01 4.998360111218635e-01 Zr
 6.278004254760812e-01 6.238060250080267e-01 1.224360446822064e-01 O
 6.305928162748474e-01 6.303559096841315e-01 3.738415129356659e-01 O
 6.289111678522246e-01 8.791554054397159e-01 1.237594204328039e-01 O
 6.237798099344639e-01 8.748473950175580e-01 3.768708103251481e-01 O
 8.711316510721900e-01 6.144152031006319e-01 1.144113193860300e-01 O
 8.756173414373848e-01 6.233992059034776e-01 3.749202146663437e-01 O
 8.787893653384868e-01 8.784951739573928e-01 1.195086948010241e-01 O
 8.723152130971191e-01 8.776475532455281e-01 3.760484337581957e-01 O
 0.000000000000000e+00 0.000000000000000e+00 5.000000000000000e-01 Zr
 2.049436195422763e-02 2.551386889145362e-01 7.504957081079644e-01 Zr
 2.407126310257776e-01 4.538120512320444e-03 7.486140483833436e-01 Zr
 2.531880932557317e-01 2.498014941228747e-01 9.998360111218635e-01 Zr
 1.278004254760811e-01 1.238060250080267e-01 6.224360446822064e-01 O
 1.305928162748474e-01 1.303559096841315e-01 8.738415129356659e-01 O
 1.289111678522246e-01 3.791554054397159e-01 6.237594204328040e-01 O
 1.237798099344639e-01 3.748473950175581e-01 8.768708103251481e-01 O
 3.711316510721900e-01 1.144152031006319e-01 6.144113193860300e-01 O
 3.756173414373848e-01 1.233992059034777e-01 8.749202146663437e-01 O
 3.787893653384869e-01 3.784951739573929e-01 6.195086948010241e-01 O
 3.723152130971191e-01 3.776475532455281e-01 8.760484337581957e-01 O
 5.000000000000000e-01 0.000000000000000e+00 5.000000000000000e-01 Zr
 5.204943619542276e-01 2.551386889145362e-01 7.504957081079644e-01 Zr
 7.407126310257777e-01 4.538120512320444e-03 7.486140483833436e-01 Zr
 7.531880932557317e-01 2.498014941228747e-01 9.998360111218635e-01 Zr
 6.278004254760812e-01 1.238060250080267e-01 6.224360446822064e-01 O
 6.305928162748474e-01 1.303559096841315e-01 8.738415129356659e-01 O
 6.289111678522246e-01 3.791554054397159e-01 6.237594204328040e-01 O
 6.237798099344639e-01 3.748473950175581e-01 8.768708103251481e-01 O
 8.711316510721900e-01 1.144152031006319e-01 6.144113193860300e-01 O
 8.756173414373848e-01 1.233992059034777e-01 8.749202146663437e-01 O
 8.787893653384868e-01 3.784951739573929e-01 6.195086948010241e-01 O
 8.723152130971191e-01 3.776475532455281e-01 8.760484337581957e-01 O
 0.000000000000000e+00 5.000000000000000e-01 5.000000000000000e-01 Zr
 2.049436195422763e-02 7.551386889145362e-01 7.504957081079644e-01 Zr
 2.407126310257776e-01 5.045381205123204e-01 7.486140483833436e-01 Zr
 2.531880932557317e-01 7.498014941228747e-01 9.998360111218635e-01 Zr
 1.278004254760811e-01 6.238060250080267e-01 6.224360446822064e-01 O
 1.305928162748474e-01 6.303559096841315e-01 8.738415129356659e-01 O
 1.289111678522246e-01 8.791554054397159e-01 6.237594204328040e-01 O
 1.237798099344639e-01 8.748473950175580e-01 8.768708103251481e-01 O
 3.711316510721900e-01 6.144152031006319e-01 6.144113193860300e-01 O
 3.756173414373848e-01 6.233992059034776e-01 8.749202146663437e-01 O
 3.787893653384869e-01 8.784951739573928e-01 6.195086948010241e-01 O
 3.723152130971191e-01 8.776475532455281e-01 8.760484337581957e-01 O
 5.000000000000000e-01 5.000000000000000e-01 5.000000000000000e-01 Zr
 5.204943619542276e-01 7.551386889145362e-01 7.504957081079644e-01 Zr
 7.407126310257777e-01 5.045381205123204e-01 7.486140483833436e-01 Zr
 7.531880932557317e-01 7.498014941228747e-01 9.998360111218635e-01 Zr
 6.278004254760812e-01 6.238060250080267e-01 6.224360446822064e-01 O
 6.305928162748474e-01 6.303559096841315e-01 8.738415129356659e-01 O
 6.289111678522246e-01 8.791554054397159e-01 6.237594204328040e-01 O
 6.237798099344639e-01 8.748473950175580e-01 8.768708103251481e-01 O
 8.711316510721900e-01 6.144152031006319e-01 6.144113193860300e-01 O
 8.756173414373848e-01 6.233992059034776e-01 8.749202146663437e-01 O
 8.787893653384868e-01 8.784951739573928e-01 6.195086948010241e-01 O
 8.723152130971191e-01 8.776475532455281e-01 8.760484337581957e-01 O
