 Cu
 GEAM AM
 302
 1.000000e+00
 3.600000000000000e+01 0.000000000000000e+00 0.000000000000000e+00
 0.000000000000000e+00 5.119999885559080e+00 0.000000000000000e+00
 0.000000000000000e+00 0.000000000000000e+00 2.500000000000000e+01
 fra
 1.554255425356508e-02 1.403123798361232e-01 1.566599742693292e-01 Cu
 1.554257874000466e-02 6.403122426823110e-01 1.566600998763884e-01 Cu
 1.548508859394007e-02 1.403117685341249e-01 2.989775191430415e-01 Cu
 1.548511101547950e-02 6.403128490670922e-01 2.989776560191718e-01 Cu
 5.130593855502627e-02 3.903132145394190e-01 2.278959619429355e-01 Cu
 8.717369076299730e-02 1.403121078273532e-01 1.568464272858129e-01 Cu
 5.130595338485935e-02 8.903112311364574e-01 2.278960882191939e-01 Cu
 8.717368472560105e-02 6.403120793226269e-01 1.568466022941310e-01 Cu
 1.542273650533944e-02 1.403112969674882e-01 4.426463875788561e-01 Cu
 1.542276152156124e-02 6.403133856491443e-01 4.426464302734086e-01 Cu
 5.119955378853455e-02 3.903132469230222e-01 3.708828414108931e-01 Cu
 8.702697813991112e-02 1.403115490383991e-01 2.992067127906083e-01 Cu
 5.119954231643498e-02 8.903109460644519e-01 3.708829220208464e-01 Cu
 8.702698045033257e-02 6.403127228648856e-01 2.992068196520711e-01 Cu
 1.228736647094075e-01 3.903132247803378e-01 2.282016318879038e-01 Cu
 1.587367474338140e-01 1.403122035368095e-01 1.571549475414239e-01 Cu
 1.228736623399014e-01 8.903112433674824e-01 2.282017555127174e-01 Cu
 1.587367399030540e-01 6.403118626581502e-01 1.571551338674301e-01 Cu
 1.534220313212132e-02 1.403113720314835e-01 5.864732794507796e-01 Cu
 1.534223163066633e-02 6.403132875142011e-01 5.864732652853902e-01 Cu
 5.105811737446966e-02 3.903136345660725e-01 5.145822105478880e-01 Cu
 8.686047705142463e-02 1.403113363816828e-01 4.428387787485828e-01 Cu
 5.105813533306251e-02 8.903103697785332e-01 5.145822298597691e-01 Cu
 8.686047156022876e-02 6.403131032548606e-01 4.428388663244692e-01 Cu
 1.227103682445947e-01 3.903136762166518e-01 3.712115180367394e-01 Cu
 1.585588878309507e-01 1.403113259074953e-01 2.996201770924009e-01 Cu
 1.227103842488276e-01 8.903107283759878e-01 3.712115971968946e-01 Cu
 1.585589254790675e-01 6.403124937529149e-01 2.996203656402858e-01 Cu
 1.943867942032270e-01 3.903130372461960e-01 2.286132656107388e-01 Cu
 2.302043098691980e-01 1.403119567922204e-01 1.575008715109372e-01 Cu
 1.943868142211656e-01 8.903112363998139e-01 2.286133759497249e-01 Cu
 2.302043189830540e-01 6.403120036589768e-01 1.575010643827293e-01 Cu
 1.526692531025514e-02 1.403114999037033e-01 7.305740822007044e-01 Cu
 1.526693172272124e-02 6.403127648274080e-01 7.305739325817487e-01 Cu
 5.089389227295341e-02 3.903134288139197e-01 6.585061491413915e-01 Cu
 8.662183008633768e-02 1.403112173853892e-01 5.865661399752619e-01 Cu
 5.089390291672966e-02 8.903106954686286e-01 6.585060684882065e-01 Cu
 8.662184875841296e-02 6.403132117485918e-01 5.865660583942088e-01 Cu
 1.224542632888907e-01 3.903138136917472e-01 5.148116472379518e-01 Cu
 1.583582409985048e-01 1.403109876834693e-01 4.432430392564443e-01 Cu
 1.224542585734711e-01 8.903103693426823e-01 5.148116348934517e-01 Cu
 1.583582744298151e-01 6.403129139334804e-01 4.432430757589813e-01 Cu
 1.942435976859143e-01 3.903138920403410e-01 3.717310133369802e-01 Cu
 2.300469033672221e-01 1.403112350687122e-01 3.001156763131389e-01 Cu
 1.942436200347893e-01 8.903104218478510e-01 3.717310597095663e-01 Cu
 2.300468776464818e-01 6.403125883763218e-01 3.001157729344282e-01 Cu
 2.658183737976352e-01 3.903133848744352e-01 2.290243799908420e-01 Cu
 3.015761804776381e-01 1.403121634934091e-01 1.578145135400450e-01 Cu
 2.658183583640980e-01 8.903108516459369e-01 2.290245211003268e-01 Cu
 3.015761505631611e-01 6.403118400728861e-01 1.578146604494279e-01 Cu
 1.522062856270633e-02 1.403121961264645e-01 8.736967188922534e-01 Cu
 1.522063284704157e-02 6.403120569203098e-01 8.736965559205536e-01 Cu
 5.076698808739850e-02 3.903131230736567e-01 8.020936627003739e-01 Cu
 8.638276062653852e-02 1.403115355993117e-01 7.305928679225919e-01 Cu
 5.076699269708446e-02 8.903109738545022e-01 8.020935103193720e-01 Cu
 8.638280089770642e-02 6.403126006365576e-01 7.305927664425031e-01 Cu
 1.221058409632158e-01 3.903135613957713e-01 6.585790457393353e-01 Cu
 1.579723856497144e-01 1.403111664700024e-01 5.867814226264672e-01 Cu
 1.221058025985952e-01 8.903106633830776e-01 6.585789698036396e-01 Cu
 1.579723874021233e-01 6.403128327762632e-01 5.867814046674114e-01 Cu
 1.939549997912679e-01 3.903135749569344e-01 5.152663544697725e-01 Cu
 2.299154390829917e-01 1.403112337336321e-01 4.438771439083105e-01 Cu
 1.939550190157029e-01 8.903105314518179e-01 5.152663869839338e-01 Cu
 2.299154238764173e-01 6.403127620061632e-01 4.438772257371195e-01 Cu
 2.657349002114885e-01 3.903132435821562e-01 3.723090272098118e-01 Cu
 3.014592385897985e-01 1.403113630960355e-01 3.005672244819185e-01 Cu
 2.657348841185698e-01 8.903109309145654e-01 3.723091094440413e-01 Cu
 3.014592222855080e-01 6.403126872252021e-01 3.005673862133790e-01 Cu
 3.371698644779851e-01 3.903125229255454e-01 2.293655123491437e-01 Cu
 3.728638075084608e-01 1.403120503130438e-01 1.580428425373957e-01 Cu
 3.371698770195017e-01 8.903115268356536e-01 2.293656464165793e-01 Cu
 3.728638119280511e-01 6.403121169044589e-01 1.580429538677998e-01 Cu
 8.623237894497796e-02 1.403120952143743e-01 8.737252320989963e-01 Cu
 8.623236201507589e-02 6.403119676921939e-01 8.737250735781854e-01 Cu
 1.218134601428975e-01 3.903132752661734e-01 8.021083444333353e-01 Cu
 1.575042230995853e-01 1.403113162855992e-01 7.306245435394144e-01 Cu
 1.218135086425985e-01 8.903110389514133e-01 8.021082232359507e-01 Cu
 1.575042265610662e-01 6.403125213384505e-01 7.306243929024662e-01 Cu
 1.933887934709786e-01 3.903137751210766e-01 6.587391635097716e-01 Cu
 2.294687842870163e-01 1.403109233799244e-01 5.872472956420082e-01 Cu
 1.933888372269384e-01 8.903103735962362e-01 6.587390698060898e-01 Cu
 2.294688149447624e-01 6.403130478095103e-01 5.872472466975567e-01 Cu
 2.655807912878649e-01 3.903138608367330e-01 5.160487861962985e-01 Cu
 3.014335026612859e-01 1.403108694514329e-01 4.445685849194778e-01 Cu
 2.655807900270957e-01 8.903102354582606e-01 5.160487768962481e-01 Cu
 3.014335086006151e-01 6.403132101735646e-01 4.445685851585806e-01 Cu
 3.371295995099785e-01 3.903136675907450e-01 3.727882915474452e-01 Cu
 3.727972125836851e-01 1.403115241560520e-01 3.009034023044799e-01 Cu
 3.371296268943366e-01 8.903102836171931e-01 3.727883621371068e-01 Cu
 3.727972245372981e-01 6.403127097159172e-01 3.009034714330201e-01 Cu
 4.084571751422991e-01 3.903130140497664e-01 2.295811912745168e-01 Cu
 4.441015481153655e-01 1.403121775441959e-01 1.581603315765150e-01 Cu
 4.084571706060229e-01 8.903111602631056e-01 2.295812872114134e-01 Cu
 4.441015517857166e-01 6.403120138319908e-01 1.581604414162425e-01 Cu
 1.571975118574900e-01 1.403120265043439e-01 8.737733146910607e-01 Cu
 1.571974885684290e-01 6.403119782725816e-01 8.737731470297316e-01 Cu
 1.928212868666734e-01 3.903129138913606e-01 8.021187184581816e-01 Cu
 2.286619908089180e-01 1.403113895233238e-01 7.306909035341200e-01 Cu
 1.928212839387380e-01 8.903111873706127e-01 8.021185746013983e-01 Cu
 2.286619652617101e-01 6.403125213604258e-01 7.306907437174158e-01 Cu
 2.648526525160713e-01 3.903134734283339e-01 6.591442357614794e-01 Cu
 3.012085509701716e-01 1.403111379096696e-01 5.882588337788027e-01 Cu
 2.648527074722496e-01 8.903107325180646e-01 6.591441275618199e-01 Cu
 3.012084936364864e-01 6.403130304406777e-01 5.882587011396596e-01 Cu
 3.371500511506661e-01 3.903131489816751e-01 5.169279171238181e-01 Cu
 3.728027445552099e-01 1.403114375955765e-01 4.450677563169608e-01 Cu
 3.371500477369218e-01 8.903108229197543e-01 5.169278606347745e-01 Cu
 3.728026997712307e-01 6.403130000498276e-01 4.450677568616848e-01 Cu
 4.084458939445608e-01 3.903126784138131e-01 3.731098308626223e-01 Cu
 4.440805347477259e-01 1.403117977443135e-01 3.010799092449998e-01 Cu
 4.084458728279299e-01 8.903114947928782e-01 3.731098454630594e-01 Cu
 4.440804856037892e-01 6.403127574542281e-01 3.010800049640641e-01 Cu
 4.797106961666941e-01 3.903124662717445e-01 2.296540545204407e-01 Cu
 5.153194331786976e-01 1.403123287455708e-01 1.581588559398335e-01 Cu
 4.797107028566697e-01 8.903119741181180e-01 2.296541642882891e-01 Cu
 5.153194265323082e-01 6.403121630767071e-01 1.581589613511184e-01 Cu
 2.280612985281857e-01 1.403120098364156e-01 8.738390476663190e-01 Cu
 2.280613229685465e-01 6.403120055931331e-01 8.738388343939285e-01 Cu
 2.637725369131452e-01 3.903133254428590e-01 8.021049578037058e-01 Cu
 2.999723822182633e-01 1.403113283463697e-01 7.308915170566106e-01 Cu
 2.637725164892824e-01 8.903110168553801e-01 8.021048357635144e-01 Cu
 2.999723698942243e-01 6.403126283363317e-01 7.308914618110157e-01 Cu
 3.367696775598549e-01 3.903127889956687e-01 6.605212617117131e-01 Cu
 3.728734292132633e-01 1.403112430648926e-01 5.894688548438077e-01 Cu
 3.367696677684798e-01 8.903113783641572e-01 6.605212113156874e-01 Cu
 3.728734904679266e-01 6.403130466281247e-01 5.894688530203896e-01 Cu
 4.084604751213443e-01 3.903131200124648e-01 5.174287321890484e-01 Cu
 4.440942929050850e-01 1.403114035927262e-01 4.453645316185682e-01 Cu
 4.084604807752785e-01 8.903111076764765e-01 5.174287140563718e-01 Cu
 4.440943364972779e-01 6.403129381819096e-01 4.453645005553873e-01 Cu
 4.797090674639448e-01 3.903133587009217e-01 3.732187170651477e-01 Cu
 5.153429836548962e-01 1.403119512670328e-01 3.010775203560042e-01 Cu
 4.797090773238627e-01 8.903107128258771e-01 3.732187712791502e-01 Cu
 5.153430541986298e-01 6.403129306096350e-01 3.010775838323569e-01 Cu
 5.509624230704118e-01 3.903132435950147e-01 2.295753816240218e-01 Cu
 5.865555582308960e-01 1.403123939446786e-01 1.580373672942551e-01 Cu
 5.509624574864117e-01 8.903114187200994e-01 2.295754641283346e-01 Cu
 5.865555517401768e-01 6.403124007026483e-01 1.580374804008486e-01 Cu
 2.987015932159560e-01 1.403119413094698e-01 8.738950893420856e-01 Cu
 2.987015630515332e-01 6.403121452682139e-01 8.738949143581016e-01 Cu
 3.345345331218577e-01 3.903127593816839e-01 8.017093815431074e-01 Cu
 3.719443860306333e-01 1.403113270059975e-01 7.327885249373625e-01 Cu
 3.345345504305586e-01 8.903114138807409e-01 8.017092411139193e-01 Cu
 3.719442922637713e-01 6.403129423224315e-01 7.327883311681265e-01 Cu
 4.085659250108087e-01 3.903130977997692e-01 6.623305985430441e-01 Cu
 4.440369600094222e-01 1.403119203568035e-01 5.898983572607907e-01 Cu
 4.085658336562435e-01 8.903113173900199e-01 6.623305200028179e-01 Cu
 4.440368289063196e-01 6.403127079112185e-01 5.898982020235711e-01 Cu
 4.797093183164025e-01 3.903131978062568e-01 5.176805045739009e-01 Cu
 5.153306517872920e-01 1.403115500625303e-01 4.453608591804769e-01 Cu
 4.797093232031708e-01 8.903112486379287e-01 5.176803944644940e-01 Cu
 5.153306226040121e-01 6.403131615056300e-01 4.453608294705048e-01 Cu
 5.509735853632629e-01 3.903129402965482e-01 3.731055495854700e-01 Cu
 5.866238560698276e-01 1.403117679673282e-01 3.008981411731437e-01 Cu
 5.509736261109538e-01 8.903117563747960e-01 3.731055691888804e-01 Cu
 5.866238395867661e-01 6.403130044719672e-01 3.008982178558310e-01 Cu
 6.222521316039957e-01 3.903129824970959e-01 2.293541958092271e-01 Cu
 6.578453489975059e-01 1.403126944248451e-01 1.578059151443717e-01 Cu
 6.222521367205324e-01 8.903119120272233e-01 2.293543110579331e-01 Cu
 6.578453760916767e-01 6.403122728058425e-01 1.578060555385109e-01 Cu
 3.677329420505900e-01 1.403123532638110e-01 8.725846546462031e-01 Cu
 3.677329036373120e-01 6.403118768585807e-01 8.725846683462852e-01 Cu
 4.063254296790546e-01 3.903115472853761e-01 8.051646332786828e-01 Cu
 4.443834809567526e-01 1.403125388402551e-01 7.353872537770290e-01 Cu
 4.063254126483054e-01 8.903130384229858e-01 8.051645292830099e-01 Cu
 4.443835762040264e-01 6.403117134164232e-01 7.353870561039356e-01 Cu
 4.797097686092148e-01 3.903120139699730e-01 6.618316080196190e-01 Cu
 5.153877238450765e-01 1.403121234840769e-01 5.898944406587308e-01 Cu
 4.797097641907278e-01 8.903125489187579e-01 6.618314054534730e-01 Cu
 5.153878681908426e-01 6.403129166263327e-01 5.898942802327845e-01 Cu
 5.509605614931241e-01 3.903134305599756e-01 5.174250132584921e-01 Cu
 5.866189265214298e-01 1.403116845083444e-01 4.450621854618141e-01 Cu
 5.509605763429047e-01 8.903113436432012e-01 5.174249944104853e-01 Cu
 5.866189962689952e-01 6.403132571147550e-01 4.450621787290903e-01 Cu
 6.222940631703872e-01 3.903141256597102e-01 3.727785704618553e-01 Cu
 6.579622249585924e-01 1.403118381671264e-01 3.005536494712164e-01 Cu
 6.222940501467824e-01 8.903107377479388e-01 3.727786457309911e-01 Cu
 6.579622498593034e-01 6.403131199917506e-01 3.005538086552614e-01 Cu
 6.936069997632559e-01 3.903138716238365e-01 2.290111479351782e-01 Cu
 7.292193246648769e-01 1.403124608945672e-01 1.574905803214617e-01 Cu
 6.936070155424308e-01 8.903114086971980e-01 2.290112993688804e-01 Cu
 7.292192992570754e-01 6.403125963277795e-01 1.574907590516618e-01 Cu
 5.150395882116091e-01 1.403127903206717e-01 7.353808183245398e-01 Cu
 5.150394848825420e-01 6.403120038784991e-01 7.353806118157693e-01 Cu
 5.508557498331698e-01 3.903134368930611e-01 6.623236026449716e-01 Cu
 5.865493636276649e-01 1.403115198766281e-01 5.894611340704495e-01 Cu
 5.508558557655781e-01 8.903115253344073e-01 6.623235017800460e-01 Cu
 5.865493372190517e-01 6.403133509709350e-01 5.894611155901706e-01 Cu
 6.222747647917358e-01 3.903135846442138e-01 5.169159167372591e-01 Cu
 6.579867714558124e-01 1.403113640731606e-01 4.445544954688795e-01 Cu
 6.222747862173552e-01 8.903112985951452e-01 5.169158682934245e-01 Cu
 6.579867892495717e-01 6.403136686617712e-01 4.445544943704451e-01 Cu
 6.936906468129443e-01 3.903136969839403e-01 3.722960633106306e-01 Cu
 7.293750338645075e-01 1.403117196520086e-01 3.000998028628950e-01 Cu
 6.936906654761715e-01 8.903114560760201e-01 3.722961357733957e-01 Cu
 7.293750614438129e-01 6.403130542433768e-01 3.000998804803697e-01 Cu
 7.650413619739401e-01 3.903135396645441e-01 2.286014202939387e-01 Cu
 8.006917089181131e-01 1.403126266178375e-01 1.571457303238416e-01 Cu
 7.650413473188438e-01 8.903116836855193e-01 2.286015299867833e-01 Cu
 8.006917281212588e-01 6.403123125862605e-01 1.571459150716095e-01 Cu
 5.530975606042913e-01 3.903118880850380e-01 8.051573946945992e-01 Cu
 5.874780559315530e-01 1.403116668425985e-01 7.327798439636022e-01 Cu
 5.530975796749369e-01 8.903133755917630e-01 8.051573170664265e-01 Cu
 5.874781620617008e-01 6.403133678392915e-01 7.327796655369317e-01 Cu
 6.226542431913885e-01 3.903132449217359e-01 6.605082835057720e-01 Cu
 6.582124800695545e-01 1.403116541634090e-01 5.882427909018846e-01 Cu
 6.226542801425721e-01 8.903118602738447e-01 6.605082232684454e-01 Cu
 6.582125353995162e-01 6.403134787477173e-01 5.882426577496422e-01 Cu
 6.938443038832895e-01 3.903143556659266e-01 5.160335356196318e-01 Cu
 7.295031607514717e-01 1.403116832481454e-01 4.438606822135707e-01 Cu
 6.938443068727987e-01 8.903107218920124e-01 5.160335178182337e-01 Cu
 7.295031858040794e-01 6.403132716030379e-01 4.438607686246787e-01 Cu
 7.651837998609091e-01 3.903143729541548e-01 3.717141037425105e-01 Cu
 8.008664201685388e-01 1.403118264824022e-01 2.996080062865383e-01 Cu
 7.651838035941494e-01 8.903109065938308e-01 3.717141455208923e-01 Cu
 8.008664074538426e-01 6.403129891533845e-01 2.996082082975258e-01 Cu
 8.365545701047765e-01 3.903135864152946e-01 2.281930917021731e-01 Cu
 8.722558285493527e-01 1.403125204758242e-01 1.568399055629115e-01 Cu
 8.365545753996361e-01 8.903116932177311e-01 2.281932264834796e-01 Cu
 8.722558214880763e-01 6.403124905476555e-01 1.568400891857964e-01 Cu
 5.916900068914772e-01 1.403127832967888e-01 8.725742128053733e-01 Cu
 5.916900368557136e-01 6.403122748265485e-01 8.725742339785839e-01 Cu
 6.248869224463518e-01 3.903132353855493e-01 8.016998029358783e-01 Cu
 6.594469512779655e-01 1.403118351398335e-01 7.308791542062738e-01 Cu
 6.248869128135162e-01 8.903119129793249e-01 8.016996770582205e-01 Cu
 6.594469635184964e-01 6.403131235936156e-01 7.308790958154425e-01 Cu
 6.945723397974660e-01 3.903139968122384e-01 6.591303999973739e-01 Cu
 7.299494986815612e-01 1.403113562987638e-01 5.872314487802573e-01 Cu
 6.945722887300932e-01 8.903112131873853e-01 6.591302974927358e-01 Cu
 7.299494775417955e-01 6.403135520661482e-01 5.872314182131078e-01 Cu
 7.654695787604759e-01 3.903140719831222e-01 5.152494152525138e-01 Cu
 8.010634774198141e-01 1.403115336810577e-01 4.432303163631423e-01 Cu
 7.654695865706868e-01 8.903109996680439e-01 5.152494450357323e-01 Cu
 8.010634586323062e-01 6.403134162751193e-01 4.432303533418609e-01 Cu
 8.367135779282886e-01 3.903140308957941e-01 3.712015588779115e-01 Cu
 8.724010660943228e-01 1.403118532496588e-01 2.991985074369235e-01 Cu
 8.367135878740837e-01 8.903111353633759e-01 3.712016409155100e-01 Cu
 8.724010743125520e-01 6.403129999760305e-01 2.991986100455819e-01 Cu
 9.081224021085708e-01 3.903133902803249e-01 2.278932506042309e-01 Cu
 9.438886851889197e-01 1.403124287715078e-01 1.566585314594218e-01 Cu
 9.081224064028038e-01 8.903114047430524e-01 2.278933747783257e-01 Cu
 9.438886626214057e-01 6.403123010532883e-01 1.566586662081507e-01 Cu
 6.607182225555281e-01 1.403125210196123e-01 8.738837689341370e-01 Cu
 6.607182576244417e-01 6.403126259902140e-01 8.738835913659444e-01 Cu
 6.956481979957606e-01 3.903138391605376e-01 8.020918138567134e-01 Cu
 7.307561220743271e-01 1.403118844779784e-01 7.306773512781897e-01 Cu
 6.956482154048088e-01 8.903115424498333e-01 8.020917074547136e-01 Cu
 7.307561599334339e-01 6.403130869229909e-01 7.306772012202560e-01 Cu
 7.660339369177616e-01 3.903142811436848e-01 6.587244987004928e-01 Cu
 8.014476058154339e-01 1.403116839251854e-01 5.867677284285246e-01 Cu
 7.660339238397781e-01 8.903108338970551e-01 6.587244043793390e-01 Cu
 8.014476345790120e-01 6.403133124398165e-01 5.867677038282066e-01 Cu
 8.369671413971728e-01 3.903141561147911e-01 5.148014669986526e-01 Cu
 8.725621846865582e-01 1.403116326723707e-01 4.428308882656587e-01 Cu
 8.369671624913053e-01 8.903107934571830e-01 5.148014546942327e-01 Cu
 8.725621945191466e-01 6.403133432269523e-01 4.428309832170572e-01 Cu
 9.082242947120744e-01 3.903134549917964e-01 3.708773590663424e-01 Cu
 9.439442135187618e-01 1.403118574547599e-01 2.989751969570519e-01 Cu
 9.082243095277480e-01 8.903111231043348e-01 3.708774469592544e-01 Cu
 9.439441892434194e-01 6.403130230923164e-01 2.989753409854883e-01 Cu
 9.797120720310891e-01 3.903130081599419e-01 2.277852014480111e-01 Cu
 9.797120934614992e-01 8.903117425387884e-01 2.277853096491922e-01 Cu
 7.313577381945982e-01 1.403125147732518e-01 8.738267680228756e-01 Cu
 7.313576999889120e-01 6.403125747286131e-01 8.738265587580821e-01 Cu
 7.665978238042827e-01 3.903134248913135e-01 8.021049836147803e-01 Cu
 8.019123687652606e-01 1.403118226351190e-01 7.306126536247143e-01 Cu
 7.665978499858637e-01 8.903116835236643e-01 8.021048372303288e-01 Cu
 8.019123861748659e-01 6.403129922245120e-01 7.306124939709798e-01 Cu
 8.373149981007527e-01 3.903139463391862e-01 6.585687758450859e-01 Cu
 8.727996897754298e-01 1.403114641153562e-01 5.865569834348869e-01 Cu
 8.373150531270921e-01 8.903110600990908e-01 6.585686930815148e-01 Cu
 8.727996893609425e-01 6.403134359187626e-01 5.865568898933107e-01 Cu
 9.083625926008512e-01 3.903138177034601e-01 5.145785784943804e-01 Cu
 9.440038611301156e-01 1.403114576384744e-01 4.426446560100348e-01 Cu
 9.083625848342410e-01 8.903105141438886e-01 5.145785989920532e-01 Cu
 9.440038636120568e-01 6.403136213593491e-01 4.426447038208279e-01 Cu
 9.797110490038209e-01 3.903136824848916e-01 3.707706315742926e-01 Cu
 9.797110583359794e-01 8.903106880751439e-01 3.707707374544855e-01 Cu
 8.022167714170880e-01 1.403124691465684e-01 8.737630194540573e-01 Cu
 8.022167783348362e-01 6.403124628762915e-01 8.737628545859640e-01 Cu
 8.376041556741911e-01 3.903136964450136e-01 8.020984775897594e-01 Cu
 8.730372165501987e-01 1.403118103999801e-01 7.305844075469097e-01 Cu
 8.376041355275416e-01 8.903114101597299e-01 8.020983588234188e-01 Cu
 8.730371885994013e-01 6.403128977300426e-01 7.305843062022895e-01 Cu
 9.085237653579161e-01 3.903136317810807e-01 6.585004872844082e-01 Cu
 9.440813701683045e-01 1.403114913777733e-01 5.864724129979545e-01 Cu
 9.085237808002560e-01 8.903108128130638e-01 6.585003983858693e-01 Cu
 9.440813665837905e-01 6.403134661212281e-01 5.864724046018779e-01 Cu
 9.797105932514207e-01 3.903132776397428e-01 5.145123230981428e-01 Cu
 9.797106054268999e-01 8.903108666221125e-01 5.145122743804572e-01 Cu
 8.731828635347724e-01 1.403124217713078e-01 8.737183540792952e-01 Cu
 8.731828807482915e-01 6.403122716780130e-01 8.737181828589179e-01 Cu
 9.086469730448022e-01 3.903133523069487e-01 8.020870289023122e-01 Cu
 9.441517920041615e-01 1.403116419498043e-01 7.305716854844523e-01 Cu
 9.086470000244368e-01 8.903112290586707e-01 8.020868671012855e-01 Cu
 9.441518006330291e-01 6.403129531777790e-01 7.305715581425508e-01 Cu
 9.797081449097701e-01 3.903135836578225e-01 6.584843423381738e-01 Cu
 9.797081673484563e-01 8.903107493196867e-01 6.584842718867491e-01 Cu
 9.441945235818570e-01 1.403122662979947e-01 8.736946151400861e-01 Cu
 9.441945173457955e-01 6.403122035837026e-01 8.736944512496678e-01 Cu
 9.797069777792540e-01 3.903130548063982e-01 8.020836555087053e-01 Cu
 9.797070000661030e-01 8.903114275662170e-01 8.020835781335991e-01 Cu
